TN:
SF:/Users/thec00n/work/research/maru/dist/maru.js
FN:3,(anonymous_0)
FN:80,(anonymous_1)
FNF:2
FNH:1
FNDA:530,(anonymous_0)
FNDA:0,(anonymous_1)
DA:3,106
DA:4,530
DA:6,106
DA:7,106
DA:8,106
DA:9,106
DA:10,106
DA:11,106
DA:12,106
DA:13,106
DA:14,106
DA:15,106
DA:16,106
DA:57,106
DA:58,106
DA:68,106
DA:69,0
DA:70,0
DA:72,106
DA:73,1
DA:75,105
DA:76,105
DA:77,105
DA:78,105
DA:79,0
DA:80,0
DA:81,0
DA:82,0
DA:84,0
DA:87,0
DA:88,0
DA:91,0
DA:95,105
DA:96,105
DA:97,105
DA:98,0
DA:100,105
DA:101,105
DA:103,105
DA:104,0
DA:105,0
DA:106,0
DA:108,0
DA:109,0
DA:111,0
DA:112,0
DA:113,0
DA:116,0
DA:117,0
DA:121,105
DA:122,105
DA:123,105
DA:124,105
DA:125,105
DA:128,0
DA:129,0
DA:130,0
DA:131,0
DA:132,0
DA:135,0
DA:140,0
LF:61
LH:33
BRDA:3,0,0,106
BRDA:3,0,1,106
BRDA:3,0,2,106
BRDA:4,1,0,424
BRDA:4,1,1,106
BRDA:4,2,0,530
BRDA:4,2,1,530
BRDA:68,3,0,0
BRDA:68,3,1,106
BRDA:68,4,0,106
BRDA:68,4,1,106
BRDA:72,5,0,1
BRDA:72,5,1,105
BRDA:75,6,0,105
BRDA:75,6,1,0
BRDA:78,7,0,0
BRDA:78,7,1,105
BRDA:81,8,0,0
BRDA:81,8,1,0
BRDA:81,9,0,0
BRDA:81,9,1,0
BRDA:97,10,0,0
BRDA:97,10,1,105
BRDA:100,11,0,105
BRDA:100,11,1,0
BRDA:103,12,0,0
BRDA:103,12,1,105
BRDA:103,13,0,105
BRDA:103,13,1,0
BRDA:105,14,0,0
BRDA:105,14,1,0
BRDA:108,15,0,0
BRDA:108,15,1,0
BRDA:111,16,0,0
BRDA:111,16,1,0
BRDA:124,17,0,105
BRDA:124,17,1,0
BRDA:129,18,0,0
BRDA:129,18,1,0
BRF:39
BRH:19
end_of_record
TN:
SF:/Users/thec00n/work/research/maru/dist/src/core/declarations/contract.js
FN:2,(anonymous_0)
FN:8,(anonymous_1)
FN:18,(anonymous_2)
FNF:3
FNH:3
FNDA:106,(anonymous_0)
FNDA:462,(anonymous_1)
FNDA:141,(anonymous_2)
DA:2,106
DA:3,106
DA:5,106
DA:6,106
DA:9,462
DA:10,462
DA:11,462
DA:12,462
DA:13,462
DA:14,462
DA:15,462
DA:16,462
DA:19,141
DA:20,285
DA:21,48
DA:24,93
DA:27,106
LF:17
LH:17
BRDA:2,0,0,106
BRDA:2,0,1,106
BRDA:2,0,2,106
BRDA:3,1,0,106
BRDA:3,1,1,0
BRDA:3,2,0,106
BRDA:3,2,1,106
BRDA:20,3,0,48
BRDA:20,3,1,237
BRF:9
BRH:8
end_of_record
TN:
SF:/Users/thec00n/work/research/maru/dist/src/core/declarations/declaration.js
FN:4,(anonymous_0)
FNF:1
FNH:1
FNDA:8311,(anonymous_0)
DA:2,106
DA:5,8311
DA:6,8311
DA:9,106
LF:4
LH:4
BRF:0
BRH:0
end_of_record
TN:
SF:/Users/thec00n/work/research/maru/dist/src/core/declarations/function.js
FN:2,(anonymous_0)
FN:8,(anonymous_1)
FNF:2
FNH:2
FNDA:106,(anonymous_0)
FNDA:1800,(anonymous_1)
DA:2,106
DA:3,106
DA:5,106
DA:6,106
DA:9,1800
DA:10,1800
DA:11,1800
DA:12,1800
DA:13,1800
DA:14,1800
DA:15,1800
DA:16,1800
DA:17,1800
DA:20,106
LF:14
LH:14
BRDA:2,0,0,106
BRDA:2,0,1,106
BRDA:2,0,2,106
BRDA:3,1,0,106
BRDA:3,1,1,0
BRDA:3,2,0,106
BRDA:3,2,1,106
BRF:7
BRH:6
end_of_record
TN:
SF:/Users/thec00n/work/research/maru/dist/src/core/declarations/import.js
FN:2,(anonymous_0)
FN:9,(anonymous_1)
FNF:2
FNH:1
FNDA:106,(anonymous_0)
FNDA:0,(anonymous_1)
DA:2,106
DA:3,106
DA:5,106
DA:6,106
DA:7,106
DA:11,0
DA:12,0
DA:15,106
LF:8
LH:6
BRDA:2,0,0,106
BRDA:2,0,1,106
BRDA:2,0,2,106
BRDA:3,1,0,106
BRDA:3,1,1,0
BRDA:3,2,0,106
BRDA:3,2,1,106
BRF:7
BRH:6
end_of_record
TN:
SF:/Users/thec00n/work/research/maru/dist/src/core/declarations/modifier.js
FN:2,(anonymous_0)
FN:8,(anonymous_1)
FNF:2
FNH:1
FNDA:106,(anonymous_0)
FNDA:0,(anonymous_1)
DA:2,106
DA:3,106
DA:5,106
DA:6,106
DA:9,0
DA:10,0
DA:11,0
DA:12,0
DA:13,0
DA:16,106
LF:10
LH:5
BRDA:2,0,0,106
BRDA:2,0,1,106
BRDA:2,0,2,106
BRDA:3,1,0,106
BRDA:3,1,1,0
BRDA:3,2,0,106
BRDA:3,2,1,106
BRF:7
BRH:6
end_of_record
TN:
SF:/Users/thec00n/work/research/maru/dist/src/core/declarations/pragma.js
FN:4,(anonymous_0)
FNF:1
FNH:1
FNDA:193,(anonymous_0)
DA:2,106
DA:5,193
DA:6,193
DA:7,193
DA:10,106
LF:5
LH:5
BRF:0
BRH:0
end_of_record
TN:
SF:/Users/thec00n/work/research/maru/dist/src/core/declarations/variable.js
FN:2,(anonymous_0)
FN:8,(anonymous_1)
FNF:2
FNH:2
FNDA:106,(anonymous_0)
FNDA:6049,(anonymous_1)
DA:2,106
DA:3,106
DA:5,106
DA:6,106
DA:9,6049
DA:10,6049
DA:11,6049
DA:12,6049
DA:13,6049
DA:14,6049
DA:15,6049
DA:18,106
LF:12
LH:12
BRDA:2,0,0,106
BRDA:2,0,1,106
BRDA:2,0,2,106
BRDA:3,1,0,106
BRDA:3,1,1,0
BRDA:3,2,0,106
BRDA:3,2,1,106
BRF:7
BRH:6
end_of_record
TN:
SF:/Users/thec00n/work/research/maru/dist/src/core/expressions/assignment.js
FN:2,(anonymous_0)
FN:8,(anonymous_1)
FNF:2
FNH:2
FNDA:106,(anonymous_0)
FNDA:265,(anonymous_1)
DA:2,106
DA:3,106
DA:5,106
DA:6,106
DA:9,265
DA:10,265
DA:11,265
DA:12,265
DA:15,106
LF:9
LH:9
BRDA:2,0,0,106
BRDA:2,0,1,106
BRDA:2,0,2,106
BRDA:3,1,0,106
BRDA:3,1,1,0
BRDA:3,2,0,106
BRDA:3,2,1,106
BRF:7
BRH:6
end_of_record
TN:
SF:/Users/thec00n/work/research/maru/dist/src/core/expressions/binary_operation.js
FN:2,(anonymous_0)
FN:8,(anonymous_1)
FNF:2
FNH:2
FNDA:106,(anonymous_0)
FNDA:13,(anonymous_1)
DA:2,106
DA:3,106
DA:5,106
DA:6,106
DA:9,13
DA:10,13
DA:11,13
DA:12,13
DA:15,106
LF:9
LH:9
BRDA:2,0,0,106
BRDA:2,0,1,106
BRDA:2,0,2,106
BRDA:3,1,0,106
BRDA:3,1,1,0
BRDA:3,2,0,106
BRDA:3,2,1,106
BRF:7
BRH:6
end_of_record
TN:
SF:/Users/thec00n/work/research/maru/dist/src/core/expressions/expression.js
FN:4,(anonymous_0)
FNF:1
FNH:1
FNDA:8979,(anonymous_0)
DA:2,106
DA:5,8979
DA:8,106
LF:3
LH:3
BRF:0
BRH:0
end_of_record
TN:
SF:/Users/thec00n/work/research/maru/dist/src/core/expressions/function_call.js
FN:2,(anonymous_0)
FN:8,(anonymous_1)
FNF:2
FNH:2
FNDA:106,(anonymous_0)
FNDA:1599,(anonymous_1)
DA:2,106
DA:3,106
DA:5,106
DA:6,106
DA:9,1599
DA:10,1599
DA:11,1599
DA:12,1599
DA:13,1599
DA:14,1599
DA:15,1599
DA:18,106
LF:12
LH:12
BRDA:2,0,0,106
BRDA:2,0,1,106
BRDA:2,0,2,106
BRDA:3,1,0,106
BRDA:3,1,1,0
BRDA:3,2,0,106
BRDA:3,2,1,106
BRF:7
BRH:6
end_of_record
TN:
SF:/Users/thec00n/work/research/maru/dist/src/core/expressions/identifier.js
FN:2,(anonymous_0)
FN:8,(anonymous_1)
FNF:2
FNH:2
FNDA:106,(anonymous_0)
FNDA:6075,(anonymous_1)
DA:2,106
DA:3,106
DA:5,106
DA:6,106
DA:9,6075
DA:10,6075
DA:11,6075
DA:12,6075
DA:15,106
LF:9
LH:9
BRDA:2,0,0,106
BRDA:2,0,1,106
BRDA:2,0,2,106
BRDA:3,1,0,106
BRDA:3,1,1,0
BRDA:3,2,0,106
BRDA:3,2,1,106
BRF:7
BRH:6
end_of_record
TN:
SF:/Users/thec00n/work/research/maru/dist/src/core/expressions/if_statement.js
FN:2,(anonymous_0)
FN:8,(anonymous_1)
FNF:2
FNH:1
FNDA:106,(anonymous_0)
FNDA:0,(anonymous_1)
DA:2,106
DA:3,106
DA:5,106
DA:6,106
DA:9,0
DA:12,106
LF:6
LH:5
BRDA:2,0,0,106
BRDA:2,0,1,106
BRDA:2,0,2,106
BRDA:3,1,0,106
BRDA:3,1,1,0
BRDA:3,2,0,106
BRDA:3,2,1,106
BRF:7
BRH:6
end_of_record
TN:
SF:/Users/thec00n/work/research/maru/dist/src/core/expressions/member_access.js
FN:2,(anonymous_0)
FN:8,(anonymous_1)
FNF:2
FNH:2
FNDA:106,(anonymous_0)
FNDA:1015,(anonymous_1)
DA:2,106
DA:3,106
DA:5,106
DA:6,106
DA:9,1015
DA:10,1015
DA:11,1015
DA:14,106
LF:8
LH:8
BRDA:2,0,0,106
BRDA:2,0,1,106
BRDA:2,0,2,106
BRDA:3,1,0,106
BRDA:3,1,1,0
BRDA:3,2,0,106
BRDA:3,2,1,106
BRF:7
BRH:6
end_of_record
TN:
SF:/Users/thec00n/work/research/maru/dist/src/core/expressions/throw.js
FN:2,(anonymous_0)
FN:8,(anonymous_1)
FNF:2
FNH:2
FNDA:106,(anonymous_0)
FNDA:9,(anonymous_1)
DA:2,106
DA:3,106
DA:5,106
DA:6,106
DA:9,9
DA:12,106
LF:6
LH:6
BRDA:2,0,0,106
BRDA:2,0,1,106
BRDA:2,0,2,106
BRDA:3,1,0,106
BRDA:3,1,1,0
BRDA:3,2,0,106
BRDA:3,2,1,106
BRF:7
BRH:6
end_of_record
TN:
SF:/Users/thec00n/work/research/maru/dist/src/core/expressions/unary_operation.js
FN:2,(anonymous_0)
FN:8,(anonymous_1)
FNF:2
FNH:2
FNDA:106,(anonymous_0)
FNDA:3,(anonymous_1)
DA:2,106
DA:3,106
DA:5,106
DA:6,106
DA:9,3
DA:10,3
DA:11,3
DA:12,3
DA:15,106
LF:9
LH:9
BRDA:2,0,0,106
BRDA:2,0,1,106
BRDA:2,0,2,106
BRDA:3,1,0,106
BRDA:3,1,1,0
BRDA:3,2,0,106
BRDA:3,2,1,106
BRF:7
BRH:6
end_of_record
TN:
SF:/Users/thec00n/work/research/maru/dist/src/core/meta/source_unit.js
FN:4,(anonymous_0)
FNF:1
FNH:1
FNDA:105,(anonymous_0)
DA:2,106
DA:5,105
DA:8,106
LF:3
LH:3
BRF:0
BRH:0
end_of_record
TN:
SF:/Users/thec00n/work/research/maru/dist/src/core/statements/placeholder.js
FN:2,(anonymous_0)
FN:8,(anonymous_1)
FNF:2
FNH:1
FNDA:106,(anonymous_0)
FNDA:0,(anonymous_1)
DA:2,106
DA:3,106
DA:5,106
DA:6,106
DA:9,0
DA:12,106
LF:6
LH:5
BRDA:2,0,0,106
BRDA:2,0,1,106
BRDA:2,0,2,106
BRDA:3,1,0,106
BRDA:3,1,1,0
BRDA:3,2,0,106
BRDA:3,2,1,106
BRF:7
BRH:6
end_of_record
TN:
SF:/Users/thec00n/work/research/maru/dist/src/core/statements/statement.js
FN:4,(anonymous_0)
FNF:1
FNH:0
FNDA:0,(anonymous_0)
DA:2,106
DA:5,0
DA:8,106
LF:3
LH:2
BRF:0
BRH:0
end_of_record
TN:
SF:/Users/thec00n/work/research/maru/dist/src/core/types/array_type.js
FN:2,(anonymous_0)
FN:8,(anonymous_1)
FNF:2
FNH:2
FNDA:106,(anonymous_0)
FNDA:138,(anonymous_1)
DA:2,106
DA:3,106
DA:5,106
DA:6,106
DA:9,138
DA:10,138
DA:11,138
DA:14,106
LF:8
LH:8
BRDA:2,0,0,106
BRDA:2,0,1,106
BRDA:2,0,2,106
BRDA:3,1,0,106
BRDA:3,1,1,0
BRDA:3,2,0,106
BRDA:3,2,1,106
BRF:7
BRH:6
end_of_record
TN:
SF:/Users/thec00n/work/research/maru/dist/src/core/types/elementary_type.js
FN:2,(anonymous_0)
FN:11,(anonymous_1)
FN:31,(anonymous_2)
FNF:3
FNH:3
FNDA:318,(anonymous_0)
FNDA:5900,(anonymous_1)
FNDA:5900,(anonymous_2)
DA:2,106
DA:3,318
DA:5,106
DA:6,106
DA:7,106
DA:8,106
DA:12,5900
DA:13,5900
DA:14,5900
DA:15,48
DA:17,5900
DA:18,0
DA:20,5900
DA:21,0
DA:23,5900
DA:24,0
DA:27,5900
DA:32,5900
DA:33,5900
DA:36,106
LF:20
LH:17
BRDA:2,0,0,106
BRDA:2,0,1,106
BRDA:2,0,2,106
BRDA:3,1,0,318
BRDA:3,1,1,0
BRDA:3,2,0,318
BRDA:3,2,1,318
BRDA:14,3,0,48
BRDA:14,3,1,5852
BRDA:17,4,0,0
BRDA:17,4,1,5900
BRDA:20,5,0,0
BRDA:20,5,1,5900
BRDA:23,6,0,0
BRDA:23,6,1,5900
BRF:15
BRH:11
end_of_record
TN:
SF:/Users/thec00n/work/research/maru/dist/src/core/types/mapping.js
FN:2,(anonymous_0)
FN:8,(anonymous_1)
FNF:2
FNH:2
FNDA:106,(anonymous_0)
FNDA:355,(anonymous_1)
DA:2,106
DA:3,106
DA:5,106
DA:6,106
DA:9,355
DA:10,355
DA:11,355
DA:14,106
LF:8
LH:8
BRDA:2,0,0,106
BRDA:2,0,1,106
BRDA:2,0,2,106
BRDA:3,1,0,106
BRDA:3,1,1,0
BRDA:3,2,0,106
BRDA:3,2,1,106
BRF:7
BRH:6
end_of_record
TN:
SF:/Users/thec00n/work/research/maru/dist/src/core/types/type.js
FN:4,(anonymous_0)
FNF:1
FNH:1
FNDA:7064,(anonymous_0)
DA:2,106
DA:5,7064
DA:8,106
LF:3
LH:3
BRF:0
BRH:0
end_of_record
TN:
SF:/Users/thec00n/work/research/maru/dist/src/core/types/user_defined_type.js
FN:2,(anonymous_0)
FN:8,(anonymous_1)
FNF:2
FNH:2
FNDA:106,(anonymous_0)
FNDA:356,(anonymous_1)
DA:2,106
DA:3,106
DA:5,106
DA:6,106
DA:9,356
DA:10,356
DA:11,356
DA:14,106
LF:8
LH:8
BRDA:2,0,0,106
BRDA:2,0,1,106
BRDA:2,0,2,106
BRDA:3,1,0,106
BRDA:3,1,1,0
BRDA:3,2,0,106
BRDA:3,2,1,106
BRF:7
BRH:6
end_of_record
TN:
SF:/Users/thec00n/work/research/maru/dist/src/logger/logger.js
FNF:0
FNH:0
DA:2,106
DA:3,106
DA:4,106
DA:5,106
DA:6,106
DA:7,106
DA:8,106
DA:9,0
DA:11,106
LF:9
LH:8
BRDA:7,0,0,106
BRDA:7,0,1,0
BRDA:8,1,0,0
BRDA:8,1,1,106
BRDA:8,2,0,106
BRDA:8,2,1,0
BRF:6
BRH:3
end_of_record
TN:
SF:/Users/thec00n/work/research/maru/dist/src/maru/analyzer.js
FN:2,(anonymous_0)
FN:19,(anonymous_1)
FNF:2
FNH:2
FNDA:318,(anonymous_0)
FNDA:105,(anonymous_1)
DA:2,106
DA:3,318
DA:5,106
DA:6,106
DA:7,106
DA:13,106
DA:14,106
DA:15,106
DA:16,106
DA:17,106
DA:20,105
DA:21,105
DA:22,105
DA:23,105
DA:24,105
DA:25,105
DA:27,105
DA:28,104
DA:29,1560
DA:30,1456
DA:31,1456
DA:32,20384
DA:33,1456
DA:34,1456
DA:35,1456
DA:36,1456
DA:37,1456
DA:38,1456
DA:39,1456
DA:42,0
DA:43,0
DA:44,0
DA:46,1456
DA:47,253
DA:48,451
DA:49,451
DA:50,451
DA:51,451
DA:52,451
DA:53,451
DA:56,0
DA:57,0
DA:58,0
DA:64,1456
DA:65,0
DA:71,1
DA:72,1
DA:74,105
DA:75,105
DA:77,105
DA:80,106
LF:51
LH:44
BRDA:2,0,0,106
BRDA:2,0,1,106
BRDA:2,0,2,106
BRDA:3,1,0,318
BRDA:3,1,1,0
BRDA:3,2,0,318
BRDA:3,2,1,318
BRDA:27,3,0,104
BRDA:27,3,1,1
BRDA:29,4,0,1456
BRDA:29,4,1,104
BRDA:32,5,0,1456
BRDA:32,5,1,18928
BRDA:46,6,0,253
BRDA:46,6,1,1203
BRDA:64,7,0,0
BRDA:64,7,1,1456
BRF:17
BRH:15
end_of_record
TN:
SF:/Users/thec00n/work/research/maru/dist/src/maru/description.js
FN:5,(anonymous_0)
FN:9,(anonymous_1)
FNF:2
FNH:1
FNDA:411,(anonymous_0)
FNDA:0,(anonymous_1)
DA:2,106
DA:3,106
DA:6,411
DA:7,411
DA:10,0
DA:13,106
LF:6
LH:5
BRF:0
BRH:0
end_of_record
TN:
SF:/Users/thec00n/work/research/maru/dist/src/maru/issue.js
FN:2,(anonymous_0)
FN:11,(anonymous_1)
FN:22,(anonymous_2)
FN:40,(anonymous_3)
FN:50,(anonymous_4)
FN:55,(anonymous_5)
FN:61,(anonymous_6)
FN:71,(anonymous_7)
FN:83,(anonymous_8)
FNF:9
FNH:4
FNDA:106,(anonymous_0)
FNDA:451,(anonymous_1)
FNDA:0,(anonymous_2)
FNDA:0,(anonymous_3)
FNDA:451,(anonymous_4)
FNDA:0,(anonymous_5)
FNDA:451,(anonymous_6)
FNDA:0,(anonymous_7)
FNDA:0,(anonymous_8)
DA:2,106
DA:3,106
DA:5,106
DA:6,106
DA:7,106
DA:8,106
DA:9,106
DA:12,451
DA:13,451
DA:14,451
DA:15,451
DA:23,0
DA:24,0
DA:25,0
DA:26,0
DA:27,0
DA:28,0
DA:29,0
DA:35,0
DA:38,0
DA:41,0
DA:42,0
DA:43,0
DA:44,0
DA:45,0
DA:46,0
DA:47,0
DA:48,0
DA:51,451
DA:52,451
DA:53,451
DA:56,0
DA:59,106
DA:62,451
DA:63,451
DA:64,451
DA:65,451
DA:66,451
DA:67,451
DA:68,451
DA:69,451
DA:72,0
DA:84,0
DA:87,106
LF:44
LH:24
BRDA:2,0,0,106
BRDA:2,0,1,106
BRDA:2,0,2,106
BRDA:3,1,0,106
BRDA:3,1,1,0
BRDA:3,2,0,106
BRDA:3,2,1,106
BRDA:23,3,0,0
BRDA:23,3,1,0
BRDA:25,4,0,0
BRDA:25,4,1,0
BRDA:25,5,0,0
BRDA:25,5,1,0
BRDA:26,6,0,0
BRDA:26,6,1,0
BRDA:26,7,0,0
BRDA:26,7,1,0
BRDA:28,8,0,0
BRDA:28,8,1,0
BRDA:28,9,0,0
BRDA:28,9,1,0
BRF:21
BRH:6
end_of_record
TN:
SF:/Users/thec00n/work/research/maru/dist/src/maru/mythX.js
FN:4,(anonymous_0)
FN:17,(anonymous_1)
FNF:2
FNH:2
FNDA:451,(anonymous_0)
FNDA:451,(anonymous_1)
DA:2,106
DA:5,451
DA:6,451
DA:7,451
DA:8,451
DA:9,451
DA:11,451
DA:12,451
DA:15,106
DA:18,451
DA:21,106
LF:11
LH:11
BRF:0
BRH:0
end_of_record
TN:
SF:/Users/thec00n/work/research/maru/dist/src/maru/node_types.js
FNF:0
FNH:0
DA:2,106
DA:3,106
DA:28,106
LF:3
LH:3
BRF:0
BRH:0
end_of_record
TN:
SF:/Users/thec00n/work/research/maru/dist/src/maru/plugin_config.js
FN:4,(anonymous_0)
FNF:1
FNH:1
FNDA:1456,(anonymous_0)
DA:2,106
DA:5,1456
DA:6,1456
DA:7,1456
DA:10,106
LF:5
LH:5
BRF:0
BRH:0
end_of_record
TN:
SF:/Users/thec00n/work/research/maru/dist/src/maru/report.js
FN:4,(anonymous_0)
FN:14,(anonymous_1)
FN:24,(anonymous_2)
FNF:3
FNH:3
FNDA:105,(anonymous_0)
FNDA:105,(anonymous_1)
FNDA:105,(anonymous_2)
DA:2,106
DA:5,105
DA:6,105
DA:7,105
DA:8,105
DA:9,105
DA:12,106
DA:15,105
DA:16,105
DA:17,105
DA:18,105
DA:19,105
DA:22,106
DA:25,105
DA:26,105
DA:27,105
DA:30,106
LF:17
LH:17
BRF:0
BRH:0
end_of_record
TN:
SF:/Users/thec00n/work/research/maru/dist/src/maru/reporter.js
FN:2,(anonymous_0)
FN:10,(anonymous_1)
FN:28,(anonymous_2)
FN:31,(anonymous_3)
FNF:4
FNH:3
FNDA:212,(anonymous_0)
FNDA:0,(anonymous_1)
FNDA:105,(anonymous_2)
FNDA:451,(anonymous_3)
DA:2,106
DA:3,212
DA:5,106
DA:6,106
DA:7,106
DA:8,106
DA:11,0
DA:12,0
DA:13,0
DA:14,0
DA:15,0
DA:16,0
DA:17,0
DA:18,0
DA:19,0
DA:20,0
DA:21,0
DA:22,0
DA:23,0
DA:24,0
DA:29,105
DA:30,105
DA:31,451
DA:32,105
DA:33,105
DA:34,105
DA:35,451
DA:36,451
DA:37,2147
DA:41,22
DA:42,22
DA:45,451
DA:46,429
DA:49,105
DA:51,105
DA:54,106
LF:36
LH:22
BRDA:2,0,0,106
BRDA:2,0,1,106
BRDA:2,0,2,106
BRDA:3,1,0,212
BRDA:3,1,1,0
BRDA:3,2,0,212
BRDA:3,2,1,212
BRDA:37,3,0,22
BRDA:37,3,1,2125
BRDA:37,4,0,2147
BRDA:37,4,1,748
BRDA:37,4,2,728
BRDA:37,4,3,536
BRDA:45,5,0,429
BRDA:45,5,1,22
BRF:15
BRH:14
end_of_record
TN:
SF:/Users/thec00n/work/research/maru/dist/src/maru/repository.js
FN:2,(anonymous_0)
FN:11,(anonymous_1)
FN:14,(anonymous_2)
FN:17,(anonymous_3)
FNF:4
FNH:3
FNDA:212,(anonymous_0)
FNDA:105,(anonymous_1)
FNDA:105,(anonymous_2)
FNDA:0,(anonymous_3)
DA:2,106
DA:3,212
DA:5,106
DA:6,106
DA:7,106
DA:8,106
DA:12,105
DA:15,105
DA:18,0
DA:19,0
DA:20,0
DA:24,106
LF:12
LH:9
BRDA:2,0,0,106
BRDA:2,0,1,106
BRDA:2,0,2,106
BRDA:3,1,0,212
BRDA:3,1,1,0
BRDA:3,2,0,212
BRDA:3,2,1,212
BRF:7
BRH:6
end_of_record
TN:
SF:/Users/thec00n/work/research/maru/dist/src/maru/sol_file.js
FN:2,(anonymous_0)
FN:12,(anonymous_1)
FN:23,(anonymous_2)
FN:30,(anonymous_3)
FN:39,(anonymous_4)
FN:48,(anonymous_5)
FN:59,(anonymous_6)
FN:77,(anonymous_7)
FNF:8
FNH:7
FNDA:424,(anonymous_0)
FNDA:105,(anonymous_1)
FNDA:126,(anonymous_2)
FNDA:104,(anonymous_3)
FNDA:0,(anonymous_4)
FNDA:270,(anonymous_5)
FNDA:105,(anonymous_6)
FNDA:105,(anonymous_7)
DA:2,106
DA:3,424
DA:5,106
DA:6,106
DA:7,106
DA:8,106
DA:9,106
DA:10,106
DA:13,105
DA:14,105
DA:15,105
DA:16,105
DA:17,105
DA:18,105
DA:19,105
DA:20,105
DA:21,105
DA:24,126
DA:25,126
DA:26,127
DA:28,126
DA:31,104
DA:32,104
DA:33,141
DA:34,393
DA:37,104
DA:40,0
DA:41,0
DA:42,0
DA:43,0
DA:49,270
DA:50,270
DA:51,272
DA:52,183886
DA:53,270
DA:57,270
DA:60,105
DA:61,105
DA:62,65
DA:63,237
DA:64,1
DA:68,105
DA:69,1
DA:70,1
DA:71,1
DA:75,105
DA:78,105
DA:79,105
DA:80,65
DA:81,237
DA:82,236
DA:86,105
DA:89,106
LF:53
LH:49
BRDA:2,0,0,106
BRDA:2,0,1,106
BRDA:2,0,2,106
BRDA:3,1,0,424
BRDA:3,1,1,0
BRDA:3,2,0,424
BRDA:3,2,1,424
BRDA:42,3,0,0
BRDA:42,3,1,0
BRDA:52,4,0,270
BRDA:52,4,1,183616
BRDA:61,5,0,65
BRDA:61,5,1,40
BRDA:63,6,0,1
BRDA:63,6,1,236
BRDA:68,7,0,1
BRDA:68,7,1,104
BRDA:70,8,0,1
BRDA:70,8,1,0
BRDA:79,9,0,65
BRDA:79,9,1,40
BRDA:81,10,0,236
BRDA:81,10,1,1
BRF:23
BRH:19
end_of_record
TN:
SF:/Users/thec00n/work/research/maru/dist/src/maru/source.js
FN:2,(anonymous_0)
FN:33,(anonymous_1)
FN:40,(anonymous_2)
FN:54,(anonymous_3)
FN:63,(anonymous_4)
FN:96,(anonymous_5)
FN:106,(anonymous_6)
FN:150,(anonymous_7)
FN:181,(anonymous_8)
FN:227,(anonymous_9)
FN:252,(anonymous_10)
FN:261,(anonymous_11)
FN:287,(anonymous_12)
FN:309,(anonymous_13)
FN:332,(anonymous_14)
FN:355,(anonymous_15)
FN:368,(anonymous_16)
FN:378,(anonymous_17)
FN:388,(anonymous_18)
FN:398,(anonymous_19)
FN:407,(anonymous_20)
FN:430,(anonymous_21)
FN:435,(anonymous_22)
FN:441,(anonymous_23)
FN:449,(anonymous_24)
FN:458,(anonymous_25)
FN:475,(anonymous_26)
FN:505,(anonymous_27)
FN:529,(anonymous_28)
FN:554,(anonymous_29)
FN:561,(anonymous_30)
FN:568,(anonymous_31)
FN:573,(anonymous_32)
FN:581,(anonymous_33)
FNF:34
FNH:28
FNDA:2650,(anonymous_0)
FNDA:105,(anonymous_1)
FNDA:105,(anonymous_2)
FNDA:105,(anonymous_3)
FNDA:502,(anonymous_4)
FNDA:462,(anonymous_5)
FNDA:732,(anonymous_6)
FNDA:0,(anonymous_7)
FNDA:315,(anonymous_8)
FNDA:2220,(anonymous_9)
FNDA:1407,(anonymous_10)
FNDA:2815,(anonymous_11)
FNDA:2169,(anonymous_12)
FNDA:265,(anonymous_13)
FNDA:278,(anonymous_14)
FNDA:105,(anonymous_15)
FNDA:0,(anonymous_16)
FNDA:105,(anonymous_17)
FNDA:0,(anonymous_18)
FNDA:23476,(anonymous_19)
FNDA:6251,(anonymous_20)
FNDA:5900,(anonymous_21)
FNDA:356,(anonymous_22)
FNDA:138,(anonymous_23)
FNDA:355,(anonymous_24)
FNDA:2521,(anonymous_25)
FNDA:462,(anonymous_26)
FNDA:547,(anonymous_27)
FNDA:5248,(anonymous_28)
FNDA:5211,(anonymous_29)
FNDA:15011,(anonymous_30)
FNDA:0,(anonymous_31)
FNDA:0,(anonymous_32)
FNDA:0,(anonymous_33)
DA:2,106
DA:3,2650
DA:5,106
DA:6,106
DA:7,106
DA:8,106
DA:9,106
DA:10,106
DA:11,106
DA:12,106
DA:13,106
DA:14,106
DA:15,106
DA:16,106
DA:17,106
DA:18,106
DA:19,106
DA:20,106
DA:21,106
DA:22,106
DA:23,106
DA:24,106
DA:25,106
DA:26,106
DA:27,106
DA:28,106
DA:29,106
DA:30,106
DA:31,106
DA:34,105
DA:35,105
DA:36,105
DA:37,105
DA:38,105
DA:41,105
DA:42,105
DA:43,105
DA:44,97
DA:45,97
DA:46,97
DA:47,275
DA:49,97
DA:50,97
DA:52,105
DA:55,105
DA:56,105
DA:57,9744
DA:58,105
DA:61,105
DA:64,502
DA:65,502
DA:66,502
DA:67,0
DA:69,502
DA:70,270
DA:71,270
DA:72,270
DA:73,25
DA:78,232
DA:80,502
DA:81,462
DA:82,462
DA:83,462
DA:84,462
DA:86,462
DA:87,462
DA:88,462
DA:89,462
DA:90,462
DA:91,462
DA:92,462
DA:94,502
DA:97,462
DA:98,462
DA:99,462
DA:100,167
DA:101,167
DA:102,167
DA:104,462
DA:107,732
DA:108,732
DA:109,732
DA:110,462
DA:112,270
DA:113,270
DA:114,270
DA:115,270
DA:116,0
DA:121,0
DA:123,732
DA:124,1407
DA:125,1407
DA:126,1407
DA:127,1407
DA:128,1407
DA:129,1407
DA:130,1407
DA:131,1407
DA:133,1407
DA:134,152
DA:137,1407
DA:138,0
DA:140,1407
DA:141,395
DA:143,1407
DA:144,1407
DA:145,1407
DA:146,1407
DA:148,732
DA:151,0
DA:152,0
DA:153,0
DA:154,0
DA:157,0
DA:159,0
DA:160,0
DA:161,0
DA:162,0
DA:163,0
DA:164,0
DA:165,0
DA:167,0
DA:168,0
DA:169,0
DA:172,0
DA:174,0
DA:176,0
DA:182,315
DA:183,315
DA:184,315
DA:185,315
DA:188,0
DA:190,315
DA:191,1599
DA:192,1599
DA:193,1599
DA:194,1599
DA:195,1599
DA:196,1599
DA:197,1599
DA:198,1599
DA:199,1599
DA:200,2064
DA:201,2064
DA:202,2064
DA:203,2064
DA:204,1257
DA:205,1257
DA:206,1257
DA:208,807
DA:209,474
DA:210,387
DA:211,387
DA:212,387
DA:214,87
DA:215,87
DA:216,87
DA:220,333
DA:223,1599
DA:225,315
DA:228,2220
DA:229,2220
DA:230,2220
DA:231,462
DA:233,1758
DA:234,1653
DA:237,105
DA:239,2220
DA:240,5758
DA:241,5758
DA:242,5758
DA:243,5758
DA:244,5758
DA:245,5758
DA:246,5758
DA:247,5758
DA:248,5758
DA:250,2220
DA:253,1407
DA:254,1407
DA:255,2521
DA:256,2164
DA:259,1407
DA:262,2815
DA:263,2815
DA:264,2815
DA:265,751
DA:267,2064
DA:268,2064
DA:269,2064
DA:270,2064
DA:271,1257
DA:275,2815
DA:276,6075
DA:277,6075
DA:278,6075
DA:279,6075
DA:280,6075
DA:281,6075
DA:283,6075
DA:285,2815
DA:288,2169
DA:289,2169
DA:290,2169
DA:291,105
DA:293,2064
DA:294,2064
DA:295,2064
DA:296,2064
DA:297,474
DA:301,2169
DA:302,1015
DA:303,1015
DA:304,1015
DA:305,1015
DA:307,2169
DA:310,265
DA:311,265
DA:312,265
DA:313,0
DA:315,265
DA:316,265
DA:317,265
DA:318,265
DA:319,13
DA:323,265
DA:324,13
DA:325,13
DA:326,13
DA:327,13
DA:328,13
DA:330,265
DA:333,278
DA:334,278
DA:335,278
DA:336,0
DA:338,278
DA:339,278
DA:340,278
DA:341,278
DA:342,3
DA:346,278
DA:347,3
DA:348,3
DA:349,3
DA:350,3
DA:351,3
DA:353,278
DA:356,105
DA:357,105
DA:358,105
DA:359,105
DA:360,265
DA:361,265
DA:362,265
DA:363,265
DA:364,265
DA:366,105
DA:369,0
DA:370,0
DA:371,0
DA:372,0
DA:373,0
DA:374,0
DA:376,0
DA:379,105
DA:380,105
DA:381,105
DA:382,105
DA:383,9
DA:384,9
DA:386,105
DA:389,0
DA:390,0
DA:391,0
DA:392,0
DA:393,0
DA:394,0
DA:396,0
DA:399,23476
DA:400,23476
DA:401,23476
DA:402,23476
DA:403,23476
DA:404,23476
DA:405,23476
DA:409,6251
DA:410,6251
DA:411,6251
DA:412,5545
DA:414,706
DA:415,189
DA:417,517
DA:418,138
DA:420,379
DA:421,355
DA:424,24
DA:425,24
DA:426,24
DA:428,6227
DA:431,5900
DA:432,5900
DA:433,5900
DA:436,356
DA:437,356
DA:438,356
DA:439,356
DA:442,138
DA:443,138
DA:444,138
DA:445,0
DA:447,138
DA:450,355
DA:451,355
DA:452,355
DA:453,355
DA:459,2521
DA:460,911349
DA:461,2521
DA:462,2521
DA:464,144831
DA:466,4007
DA:467,2164
DA:473,357
DA:476,462
DA:477,462
DA:479,462
DA:480,204842
DA:481,204842
DA:482,23256
DA:486,0
DA:490,462
DA:491,23256
DA:492,23256
DA:493,693
DA:497,0
DA:500,462
DA:506,547
DA:507,547
DA:508,286149
DA:509,547
DA:510,547
DA:511,102652
DA:512,3309
DA:513,0
DA:514,0
DA:518,3309
DA:524,547
DA:530,5248
DA:531,5248
DA:532,5248
DA:533,1170129
DA:534,5248
DA:536,1164881
DA:537,259250
DA:538,2982
DA:541,256268
DA:542,256268
DA:543,14405
DA:547,0
DA:552,2266
DA:555,5211
DA:556,1211233
DA:557,5211
DA:562,15011
DA:563,3804190
DA:564,15011
DA:569,0
DA:570,0
DA:574,0
DA:575,0
DA:576,0
DA:579,0
DA:582,0
DA:583,0
DA:584,0
DA:585,0
DA:586,0
DA:589,0
DA:592,106
LF:380
LH:323
BRDA:2,0,0,106
BRDA:2,0,1,106
BRDA:2,0,2,106
BRDA:3,1,0,2650
BRDA:3,1,1,0
BRDA:3,2,0,2650
BRDA:3,2,1,2650
BRDA:57,3,0,105
BRDA:57,3,1,9639
BRDA:66,4,0,0
BRDA:66,4,1,502
BRDA:69,5,0,270
BRDA:69,5,1,232
BRDA:72,6,0,25
BRDA:72,6,1,245
BRDA:109,7,0,462
BRDA:109,7,1,270
BRDA:112,8,0,270
BRDA:112,8,1,0
BRDA:115,9,0,0
BRDA:115,9,1,270
BRDA:133,10,0,152
BRDA:133,10,1,1255
BRDA:137,11,0,0
BRDA:137,11,1,1407
BRDA:140,12,0,395
BRDA:140,12,1,1012
BRDA:153,13,0,0
BRDA:153,13,1,0
BRDA:168,14,0,0
BRDA:168,14,1,0
BRDA:184,15,0,315
BRDA:184,15,1,0
BRDA:203,16,0,1257
BRDA:203,16,1,807
BRDA:208,17,0,474
BRDA:208,17,1,333
BRDA:209,18,0,387
BRDA:209,18,1,87
BRDA:214,19,0,87
BRDA:214,19,1,0
BRDA:230,20,0,462
BRDA:230,20,1,1758
BRDA:233,21,0,1653
BRDA:233,21,1,105
BRDA:255,22,0,2164
BRDA:255,22,1,357
BRDA:264,23,0,751
BRDA:264,23,1,2064
BRDA:267,24,0,2064
BRDA:267,24,1,0
BRDA:270,25,0,1257
BRDA:270,25,1,807
BRDA:280,26,0,6075
BRDA:280,26,1,0
BRDA:290,27,0,105
BRDA:290,27,1,2064
BRDA:293,28,0,2064
BRDA:293,28,1,0
BRDA:296,29,0,474
BRDA:296,29,1,1590
BRDA:312,30,0,0
BRDA:312,30,1,265
BRDA:315,31,0,265
BRDA:315,31,1,0
BRDA:318,32,0,13
BRDA:318,32,1,252
BRDA:335,33,0,0
BRDA:335,33,1,278
BRDA:338,34,0,278
BRDA:338,34,1,0
BRDA:341,35,0,3
BRDA:341,35,1,275
BRDA:411,36,0,5545
BRDA:411,36,1,706
BRDA:414,37,0,189
BRDA:414,37,1,517
BRDA:417,38,0,138
BRDA:417,38,1,379
BRDA:420,39,0,355
BRDA:420,39,1,24
BRDA:444,40,0,0
BRDA:444,40,1,138
BRDA:460,41,0,2521
BRDA:460,41,1,908828
BRDA:464,42,0,4007
BRDA:464,42,1,140824
BRDA:466,43,0,2164
BRDA:466,43,1,1843
BRDA:480,44,0,204842
BRDA:480,44,1,0
BRDA:481,45,0,23256
BRDA:481,45,1,181586
BRDA:491,46,0,23256
BRDA:491,46,1,0
BRDA:492,47,0,693
BRDA:492,47,1,22563
BRDA:492,48,0,23256
BRDA:492,48,1,21386
BRDA:508,49,0,547
BRDA:508,49,1,285602
BRDA:511,50,0,3309
BRDA:511,50,1,99343
BRDA:512,51,0,0
BRDA:512,51,1,3309
BRDA:513,52,0,0
BRDA:513,52,1,0
BRDA:533,53,0,5248
BRDA:533,53,1,1164881
BRDA:536,54,0,259250
BRDA:536,54,1,905631
BRDA:537,55,0,2982
BRDA:537,55,1,256268
BRDA:541,56,0,256268
BRDA:541,56,1,0
BRDA:542,57,0,14405
BRDA:542,57,1,241863
BRDA:556,58,0,5211
BRDA:556,58,1,1206022
BRDA:563,59,0,15011
BRDA:563,59,1,3789179
BRDA:574,60,0,0
BRDA:574,60,1,0
BRDA:575,61,0,0
BRDA:575,61,1,0
BRDA:585,62,0,0
BRDA:585,62,1,0
BRF:127
BRH:96
end_of_record
TN:
SF:/Users/thec00n/work/research/maru/dist/src/misc/constants.js
FNF:0
FNH:0
DA:2,106
DA:8,106
DA:35,106
DA:36,106
DA:71,106
DA:106,106
DA:142,106
DA:143,106
LF:8
LH:8
BRF:0
BRH:0
end_of_record
TN:
SF:/Users/thec00n/work/research/maru/dist/src/misc/location.js
FN:4,(anonymous_0)
FNF:1
FNH:1
FNDA:24264,(anonymous_0)
DA:2,106
DA:5,24264
DA:6,24264
DA:7,24264
DA:8,24264
DA:9,24264
DA:10,24264
DA:11,24264
DA:14,106
LF:9
LH:9
BRF:0
BRH:0
end_of_record
TN:
SF:/Users/thec00n/work/research/maru/dist/src/misc/node.js
FN:5,(anonymous_0)
FNF:1
FNH:1
FNDA:208,(anonymous_0)
DA:3,106
DA:6,208
DA:9,106
LF:3
LH:3
BRF:0
BRH:0
end_of_record
TN:
SF:/Users/thec00n/work/research/maru/dist/src/parser/solc.js
FN:2,(anonymous_0)
FN:15,(anonymous_1)
FN:24,(anonymous_2)
FN:44,(anonymous_3)
FN:51,findImports
FN:107,(anonymous_5)
FN:111,(anonymous_6)
FN:119,(anonymous_7)
FNF:8
FNH:7
FNDA:424,(anonymous_0)
FNDA:105,(anonymous_1)
FNDA:0,(anonymous_2)
FNDA:105,(anonymous_3)
FNDA:1,findImports
FNDA:105,(anonymous_5)
FNDA:9744,(anonymous_6)
FNDA:105,(anonymous_7)
DA:2,106
DA:3,424
DA:5,106
DA:6,106
DA:7,106
DA:8,106
DA:9,106
DA:10,106
DA:11,106
DA:12,106
DA:13,106
DA:16,105
DA:17,105
DA:20,105
DA:26,0
DA:27,0
DA:28,0
DA:29,0
DA:30,0
DA:31,0
DA:33,0
DA:34,0
DA:35,0
DA:38,0
DA:42,0
DA:45,105
DA:46,105
DA:47,0
DA:48,0
DA:50,105
DA:52,1
DA:53,1
DA:56,0
DA:59,105
DA:60,105
DA:61,105
DA:62,105
DA:77,0
DA:78,0
DA:95,105
DA:96,105
DA:97,105
DA:99,0
DA:100,0
DA:103,0
DA:105,105
DA:108,105
DA:109,105
DA:110,105
DA:111,105
DA:112,9744
DA:113,9744
DA:114,6047
DA:115,9639
DA:119,105
DA:120,105
DA:121,105
DA:122,105
DA:124,0
DA:125,0
DA:128,0
DA:130,105
DA:131,105
DA:133,105
DA:136,106
LF:65
LH:43
BRDA:2,0,0,106
BRDA:2,0,1,106
BRDA:2,0,2,106
BRDA:3,1,0,424
BRDA:3,1,1,0
BRDA:3,2,0,424
BRDA:3,2,1,424
BRDA:31,3,0,0
BRDA:31,3,1,0
BRDA:34,4,0,0
BRDA:34,4,1,0
BRDA:46,5,0,0
BRDA:46,5,1,105
BRDA:61,6,0,105
BRDA:61,6,1,0
BRDA:77,7,0,0
BRDA:77,7,1,0
BRDA:96,8,0,105
BRDA:96,8,1,0
BRDA:99,9,0,0
BRDA:99,9,1,0
BRDA:113,10,0,6047
BRDA:113,10,1,3697
BRDA:121,11,0,105
BRDA:121,11,1,0
BRDA:124,12,0,0
BRDA:124,12,1,0
BRF:27
BRH:12
end_of_record
TN:
SF:/Users/thec00n/work/research/maru/dist/src/parser/solidity_antlr.js
FN:2,(anonymous_0)
FN:48,(anonymous_1)
FN:69,(anonymous_2)
FN:72,(anonymous_3)
FN:81,(anonymous_4)
FN:90,(anonymous_5)
FN:119,(anonymous_6)
FN:122,(anonymous_7)
FN:187,(anonymous_8)
FN:222,(anonymous_9)
FN:225,(anonymous_10)
FN:297,(anonymous_11)
FN:305,(anonymous_12)
FN:308,(anonymous_13)
FN:316,(anonymous_14)
FN:326,(anonymous_15)
FN:335,(anonymous_16)
FNF:17
FNH:13
FNDA:1060,(anonymous_0)
FNDA:0,(anonymous_1)
FNDA:0,(anonymous_2)
FNDA:0,(anonymous_3)
FNDA:0,(anonymous_4)
FNDA:105,(anonymous_5)
FNDA:105,(anonymous_6)
FNDA:96,(anonymous_7)
FNDA:780,(anonymous_8)
FNDA:104,(anonymous_9)
FNDA:393,(anonymous_10)
FNDA:183,(anonymous_11)
FNDA:104,(anonymous_12)
FNDA:89,(anonymous_13)
FNDA:202,(anonymous_14)
FNDA:291,(anonymous_15)
FNDA:105,(anonymous_16)
DA:2,106
DA:3,1060
DA:5,106
DA:6,106
DA:7,106
DA:8,106
DA:9,106
DA:10,106
DA:11,106
DA:12,106
DA:13,106
DA:14,106
DA:15,106
DA:16,106
DA:17,106
DA:49,0
DA:50,0
DA:51,0
DA:52,0
DA:53,0
DA:54,0
DA:55,0
DA:56,0
DA:57,0
DA:58,0
DA:59,0
DA:63,0
DA:64,0
DA:66,0
DA:70,0
DA:71,0
DA:73,0
DA:74,0
DA:75,0
DA:76,0
DA:79,0
DA:82,0
DA:83,0
DA:84,0
DA:87,0
DA:91,105
DA:92,105
DA:93,105
DA:94,105
DA:95,96
DA:96,96
DA:97,96
DA:98,96
DA:99,92
DA:100,92
DA:102,4
DA:103,4
DA:104,4
DA:105,4
DA:106,4
DA:108,0
DA:109,0
DA:110,0
DA:116,9
DA:117,9
DA:120,105
DA:121,105
DA:123,96
DA:124,96
DA:127,105
DA:188,780
DA:189,780
DA:190,780
DA:191,780
DA:193,780
DA:194,780
DA:223,104
DA:224,104
DA:226,393
DA:227,393
DA:228,393
DA:229,393
DA:230,393
DA:231,393
DA:232,393
DA:233,393
DA:235,393
DA:236,393
DA:238,393
DA:239,48
DA:242,393
DA:243,264
DA:245,393
DA:248,104
DA:298,183
DA:299,183
DA:302,0
DA:306,104
DA:307,104
DA:309,89
DA:315,104
DA:317,202
DA:323,104
DA:324,104
DA:325,291
DA:327,291
DA:328,291
DA:329,291
DA:333,104
DA:336,105
DA:338,105
DA:339,105
DA:342,0
DA:343,0
DA:345,105
DA:348,106
LF:111
LH:80
BRDA:2,0,0,106
BRDA:2,0,1,106
BRDA:2,0,2,106
BRDA:3,1,0,1060
BRDA:3,1,1,0
BRDA:3,2,0,1060
BRDA:3,2,1,1060
BRDA:58,3,0,0
BRDA:58,3,1,0
BRDA:58,4,0,0
BRDA:58,4,1,0
BRDA:83,5,0,0
BRDA:83,5,1,0
BRDA:95,6,0,96
BRDA:95,6,1,0
BRDA:97,7,0,96
BRDA:97,7,1,0
BRDA:98,8,0,92
BRDA:98,8,1,4
BRDA:102,9,0,4
BRDA:102,9,1,0
BRDA:104,10,0,4
BRDA:104,10,1,0
BRDA:108,11,0,0
BRDA:108,11,1,0
BRDA:238,12,0,48
BRDA:238,12,1,345
BRDA:242,13,0,264
BRDA:242,13,1,129
BRDA:298,14,0,183
BRDA:298,14,1,0
BRF:31
BRH:17
end_of_record
TN:
SF:/Users/thec00n/work/research/maru/dist/src/plugins/authorization_tx_origin.js
FN:2,(anonymous_0)
FN:11,(anonymous_1)
FNF:2
FNH:2
FNDA:212,(anonymous_0)
FNDA:104,(anonymous_1)
DA:2,106
DA:3,212
DA:5,106
DA:6,106
DA:7,106
DA:8,106
DA:9,106
DA:11,106
DA:12,104
DA:13,104
DA:14,105
DA:15,105
DA:16,541
DA:17,541
DA:19,1
DA:20,1
DA:21,1
DA:22,7
DA:23,1
DA:26,1
DA:30,104
DA:32,106
LF:22
LH:22
BRDA:2,0,0,106
BRDA:2,0,1,106
BRDA:2,0,2,106
BRDA:3,1,0,212
BRDA:3,1,1,0
BRDA:3,2,0,212
BRDA:3,2,1,212
BRDA:17,3,0,1
BRDA:17,3,1,540
BRDA:17,4,0,541
BRDA:17,4,1,1
BRDA:22,5,0,1
BRDA:22,5,1,6
BRF:13
BRH:12
end_of_record
TN:
SF:/Users/thec00n/work/research/maru/dist/src/plugins/default_visibility_function.js
FN:2,(anonymous_0)
FN:16,(anonymous_1)
FNF:2
FNH:2
FNDA:424,(anonymous_0)
FNDA:104,(anonymous_1)
DA:2,106
DA:3,424
DA:5,106
DA:6,106
DA:7,106
DA:8,106
DA:9,106
DA:10,106
DA:11,106
DA:16,106
DA:17,104
DA:18,104
DA:19,104
DA:20,393
DA:21,98
DA:22,98
DA:23,98
DA:26,104
DA:28,106
LF:19
LH:19
BRDA:2,0,0,106
BRDA:2,0,1,106
BRDA:2,0,2,106
BRDA:3,1,0,424
BRDA:3,1,1,0
BRDA:3,2,0,424
BRDA:3,2,1,424
BRDA:20,3,0,98
BRDA:20,3,1,295
BRF:9
BRH:8
end_of_record
TN:
SF:/Users/thec00n/work/research/maru/dist/src/plugins/default_visibility_state_variables.js
FN:2,(anonymous_0)
FN:16,(anonymous_1)
FNF:2
FNH:2
FNDA:424,(anonymous_0)
FNDA:104,(anonymous_1)
DA:2,106
DA:3,424
DA:5,106
DA:6,106
DA:7,106
DA:8,106
DA:9,106
DA:10,106
DA:11,106
DA:16,106
DA:17,104
DA:18,104
DA:19,104
DA:20,291
DA:21,85
DA:22,85
DA:23,85
DA:26,104
DA:28,106
LF:19
LH:19
BRDA:2,0,0,106
BRDA:2,0,1,106
BRDA:2,0,2,106
BRDA:3,1,0,424
BRDA:3,1,1,0
BRDA:3,2,0,424
BRDA:3,2,1,424
BRDA:20,3,0,85
BRDA:20,3,1,206
BRDA:20,4,0,291
BRDA:20,4,1,91
BRF:11
BRH:10
end_of_record
TN:
SF:/Users/thec00n/work/research/maru/dist/src/plugins/deprecated_functions.js
FN:2,(anonymous_0)
FN:13,(anonymous_1)
FNF:2
FNH:2
FNDA:318,(anonymous_0)
FNDA:104,(anonymous_1)
DA:2,106
DA:3,318
DA:5,106
DA:6,106
DA:7,106
DA:8,106
DA:9,106
DA:10,106
DA:11,106
DA:13,106
DA:14,104
DA:15,104
DA:16,393
DA:17,92
DA:18,92
DA:21,104
DA:22,105
DA:23,105
DA:24,533
DA:25,11
DA:27,533
DA:28,4
DA:30,529
DA:31,1
DA:33,528
DA:35,4
DA:38,105
DA:39,105
DA:40,2097
DA:41,265
DA:42,265
DA:43,265
DA:44,265
DA:45,1
DA:52,104
DA:53,105
DA:54,105
DA:55,9
DA:58,104
DA:60,106
LF:40
LH:40
BRDA:2,0,0,106
BRDA:2,0,1,106
BRDA:2,0,2,106
BRDA:3,1,0,318
BRDA:3,1,1,0
BRDA:3,2,0,318
BRDA:3,2,1,318
BRDA:16,3,0,92
BRDA:16,3,1,301
BRDA:24,4,0,11
BRDA:24,4,1,522
BRDA:27,5,0,4
BRDA:27,5,1,529
BRDA:30,6,0,1
BRDA:30,6,1,528
BRDA:33,7,0,4
BRDA:33,7,1,524
BRDA:33,8,0,528
BRDA:33,8,1,4
BRDA:40,9,0,265
BRDA:40,9,1,1832
BRDA:42,10,0,265
BRDA:42,10,1,0
BRDA:43,11,0,265
BRDA:43,11,1,0
BRDA:44,12,0,1
BRDA:44,12,1,264
BRF:27
BRH:24
end_of_record
TN:
SF:/Users/thec00n/work/research/maru/dist/src/plugins/incorrect_construtor_name.js
FN:2,(anonymous_0)
FN:11,(anonymous_1)
FNF:2
FNH:2
FNDA:212,(anonymous_0)
FNDA:104,(anonymous_1)
DA:2,106
DA:3,212
DA:5,106
DA:6,106
DA:7,106
DA:8,106
DA:9,106
DA:11,106
DA:12,104
DA:13,104
DA:14,141
DA:15,93
DA:16,237
DA:17,2
DA:21,2
DA:23,235
DA:24,1
DA:29,104
DA:31,106
LF:19
LH:19
BRDA:2,0,0,106
BRDA:2,0,1,106
BRDA:2,0,2,106
BRDA:3,1,0,212
BRDA:3,1,1,0
BRDA:3,2,0,212
BRDA:3,2,1,212
BRDA:14,3,0,93
BRDA:14,3,1,48
BRDA:16,4,0,2
BRDA:16,4,1,235
BRDA:23,5,0,1
BRDA:23,5,1,234
BRF:13
BRH:12
end_of_record
TN:
SF:/Users/thec00n/work/research/maru/dist/src/plugins/incorrect_inheritance_order.js
FN:5,(anonymous_0)
FNF:1
FNH:1
FNDA:104,(anonymous_0)
DA:2,106
DA:3,106
DA:5,106
DA:6,104
DA:7,104
DA:9,106
LF:6
LH:6
BRF:0
BRH:0
end_of_record
TN:
SF:/Users/thec00n/work/research/maru/dist/src/plugins/lock_pragma.js
FN:2,(anonymous_0)
FN:12,(anonymous_1)
FNF:2
FNH:2
FNDA:318,(anonymous_0)
FNDA:104,(anonymous_1)
DA:2,106
DA:3,318
DA:5,106
DA:6,106
DA:7,106
DA:8,106
DA:9,106
DA:10,106
DA:12,106
DA:13,104
DA:14,104
DA:15,105
DA:16,105
DA:17,97
DA:18,97
DA:19,97
DA:20,81
DA:23,81
DA:27,105
DA:28,8
DA:31,104
DA:33,106
LF:22
LH:22
BRDA:2,0,0,106
BRDA:2,0,1,106
BRDA:2,0,2,106
BRDA:3,1,0,318
BRDA:3,1,1,0
BRDA:3,2,0,318
BRDA:3,2,1,318
BRDA:17,3,0,97
BRDA:17,3,1,0
BRDA:19,4,0,81
BRDA:19,4,1,16
BRDA:27,5,0,8
BRDA:27,5,1,97
BRF:13
BRH:11
end_of_record
TN:
SF:/Users/thec00n/work/research/maru/dist/src/plugins/outdated_compiler_version.js
FN:2,(anonymous_0)
FN:12,(anonymous_1)
FNF:2
FNH:2
FNDA:212,(anonymous_0)
FNDA:104,(anonymous_1)
DA:2,106
DA:3,212
DA:5,106
DA:6,106
DA:7,106
DA:8,106
DA:9,106
DA:10,106
DA:12,106
DA:13,104
DA:14,104
DA:15,104
DA:16,105
DA:17,97
DA:18,97
DA:19,16
DA:20,1
DA:23,1
DA:29,104
DA:31,106
LF:20
LH:20
BRDA:2,0,0,106
BRDA:2,0,1,106
BRDA:2,0,2,106
BRDA:3,1,0,212
BRDA:3,1,1,0
BRDA:3,2,0,212
BRDA:3,2,1,212
BRDA:17,3,0,97
BRDA:17,3,1,0
BRDA:18,4,0,16
BRDA:18,4,1,81
BRDA:19,5,0,1
BRDA:19,5,1,15
BRF:13
BRH:11
end_of_record
TN:
SF:/Users/thec00n/work/research/maru/dist/src/plugins/shadowing_variables.js
FN:2,(anonymous_0)
FN:11,(anonymous_1)
FNF:2
FNH:2
FNDA:212,(anonymous_0)
FNDA:104,(anonymous_1)
DA:2,106
DA:3,212
DA:5,106
DA:6,106
DA:7,106
DA:8,106
DA:9,106
DA:11,106
DA:12,104
DA:13,104
DA:14,104
DA:15,105
DA:16,105
DA:17,141
DA:18,848
DA:20,141
DA:21,17
DA:22,21
DA:23,21
DA:24,0
DA:25,0
DA:32,104
DA:33,848
DA:34,43124
DA:35,897
DA:36,347
DA:37,1
DA:43,1
DA:47,42227
DA:48,4147
DA:49,6
DA:55,6
DA:60,104
DA:62,106
LF:34
LH:32
BRDA:2,0,0,106
BRDA:2,0,1,106
BRDA:2,0,2,106
BRDA:3,1,0,212
BRDA:3,1,1,0
BRDA:3,2,0,212
BRDA:3,2,1,212
BRDA:20,3,0,17
BRDA:20,3,1,124
BRDA:23,4,0,0
BRDA:23,4,1,21
BRDA:34,5,0,897
BRDA:34,5,1,42227
BRDA:34,6,0,43124
BRDA:34,6,1,5044
BRDA:35,7,0,347
BRDA:35,7,1,550
BRDA:36,8,0,1
BRDA:36,8,1,346
BRDA:47,9,0,4147
BRDA:47,9,1,38080
BRDA:47,10,0,42227
BRDA:47,10,1,4147
BRDA:48,11,0,6
BRDA:48,11,1,4141
BRF:25
BRH:23
end_of_record
TN:
SF:/Users/thec00n/work/research/maru/dist/src/plugins/typo_graphical_error.js
FN:2,(anonymous_0)
FN:10,(anonymous_1)
FNF:2
FNH:2
FNDA:106,(anonymous_0)
FNDA:104,(anonymous_1)
DA:2,106
DA:3,106
DA:5,106
DA:6,106
DA:7,106
DA:8,106
DA:10,106
DA:11,104
DA:12,104
DA:13,105
DA:14,105
DA:16,265
DA:17,265
DA:18,265
DA:19,3
DA:22,3
DA:24,265
DA:25,265
DA:26,13
DA:27,13
DA:28,13
DA:29,0
DA:32,0
DA:40,104
DA:42,106
LF:25
LH:23
BRDA:2,0,0,106
BRDA:2,0,1,106
BRDA:2,0,2,106
BRDA:3,1,0,106
BRDA:3,1,1,0
BRDA:3,2,0,106
BRDA:3,2,1,106
BRDA:18,3,0,3
BRDA:18,3,1,262
BRDA:25,4,0,13
BRDA:25,4,1,252
BRDA:28,5,0,0
BRDA:28,5,1,13
BRF:13
BRH:11
end_of_record
TN:
SF:/Users/thec00n/work/research/maru/dist/src/plugins/unchecked_call_return_value.js
FN:2,(anonymous_0)
FN:15,(anonymous_1)
FNF:2
FNH:2
FNDA:318,(anonymous_0)
FNDA:104,(anonymous_1)
DA:2,106
DA:3,318
DA:5,106
DA:6,106
DA:7,106
DA:8,106
DA:9,106
DA:10,106
DA:15,106
DA:16,104
DA:17,104
DA:18,105
DA:19,105
DA:20,533
DA:24,11
DA:25,11
DA:26,6
DA:27,6
DA:28,4
DA:31,2
DA:33,6
DA:36,6
DA:41,104
DA:43,106
LF:24
LH:24
BRDA:2,0,0,106
BRDA:2,0,1,106
BRDA:2,0,2,106
BRDA:3,1,0,318
BRDA:3,1,1,0
BRDA:3,2,0,318
BRDA:3,2,1,318
BRDA:20,3,0,11
BRDA:20,3,1,522
BRDA:20,4,0,533
BRDA:20,4,1,531
BRDA:20,4,2,528
BRDA:20,4,3,523
BRDA:25,5,0,6
BRDA:25,5,1,5
BRDA:27,6,0,4
BRDA:27,6,1,2
BRF:17
BRH:16
end_of_record
TN:
SF:/Users/thec00n/work/research/maru/dist/src/plugins/uninitialised_storage_pointer.js
FN:2,(anonymous_0)
FN:13,(anonymous_1)
FNF:2
FNH:2
FNDA:424,(anonymous_0)
FNDA:104,(anonymous_1)
DA:2,106
DA:3,424
DA:5,106
DA:6,106
DA:7,106
DA:8,106
DA:9,106
DA:10,106
DA:11,106
DA:13,106
DA:14,104
DA:15,104
DA:16,105
DA:17,105
DA:18,848
DA:19,848
DA:20,848
DA:21,0
DA:23,848
DA:27,3
DA:28,3
DA:32,104
DA:34,106
LF:23
LH:22
BRDA:2,0,0,106
BRDA:2,0,1,106
BRDA:2,0,2,106
BRDA:3,1,0,424
BRDA:3,1,1,0
BRDA:3,2,0,424
BRDA:3,2,1,424
BRDA:20,3,0,0
BRDA:20,3,1,848
BRDA:23,4,0,3
BRDA:23,4,1,845
BRDA:23,5,0,848
BRDA:23,5,1,842
BRDA:23,5,2,639
BRDA:23,5,3,3
BRF:15
BRH:13
end_of_record
TN:
SF:/Users/thec00n/work/research/maru/dist/src/plugins/unused_variable.js
FN:2,(anonymous_0)
FN:10,(anonymous_1)
FNF:2
FNH:2
FNDA:106,(anonymous_0)
FNDA:104,(anonymous_1)
DA:2,106
DA:3,106
DA:5,106
DA:6,106
DA:7,106
DA:8,106
DA:10,106
DA:11,104
DA:12,104
DA:13,104
DA:14,105
DA:15,105
DA:16,105
DA:17,105
DA:18,848
DA:19,848
DA:20,102081
DA:21,1377
DA:24,848
DA:25,270
DA:26,270
DA:27,270
DA:28,270
DA:29,270
DA:30,25
DA:31,25
DA:35,25
DA:38,0
DA:42,0
DA:45,270
DA:50,104
DA:52,106
LF:32
LH:30
BRDA:2,0,0,106
BRDA:2,0,1,106
BRDA:2,0,2,106
BRDA:3,1,0,106
BRDA:3,1,1,0
BRDA:3,2,0,106
BRDA:3,2,1,106
BRDA:20,3,0,1377
BRDA:20,3,1,100704
BRDA:24,4,0,270
BRDA:24,4,1,578
BRDA:29,5,0,25
BRDA:29,5,1,245
BRDA:29,6,0,270
BRDA:29,6,1,245
BRDA:30,7,0,25
BRDA:30,7,1,0
BRF:17
BRH:15
end_of_record
TN:
SF:/Users/thec00n/work/research/maru/dist/src/plugins/weak_randomness.js
FN:2,(anonymous_0)
FN:11,(anonymous_1)
FNF:2
FNH:2
FNDA:212,(anonymous_0)
FNDA:104,(anonymous_1)
DA:2,106
DA:3,212
DA:5,106
DA:6,106
DA:7,106
DA:8,106
DA:9,106
DA:11,106
DA:12,104
DA:13,104
DA:14,105
DA:15,105
DA:16,533
DA:18,4
DA:21,4
DA:23,529
DA:24,4
DA:25,4
DA:29,104
DA:31,106
LF:20
LH:20
BRDA:2,0,0,106
BRDA:2,0,1,106
BRDA:2,0,2,106
BRDA:3,1,0,212
BRDA:3,1,1,0
BRDA:3,2,0,212
BRDA:3,2,1,212
BRDA:16,3,0,4
BRDA:16,3,1,529
BRDA:16,4,0,533
BRDA:16,4,1,4
BRDA:23,5,0,4
BRDA:23,5,1,525
BRF:13
BRH:12
end_of_record
TN:
SF:/Users/thec00n/work/research/maru/dist/src/swc/swc.js
FN:2,(anonymous_0)
FN:8,(anonymous_1)
FN:10,(anonymous_2)
FN:11,(anonymous_3)
FN:12,(anonymous_4)
FN:13,(anonymous_5)
FN:14,(anonymous_6)
FN:15,(anonymous_7)
FN:16,(anonymous_8)
FN:17,(anonymous_9)
FNF:10
FNH:3
FNDA:106,(anonymous_0)
FNDA:451,(anonymous_1)
FNDA:0,(anonymous_2)
FNDA:451,(anonymous_3)
FNDA:0,(anonymous_4)
FNDA:0,(anonymous_5)
FNDA:0,(anonymous_6)
FNDA:0,(anonymous_7)
FNDA:0,(anonymous_8)
FNDA:0,(anonymous_9)
DA:2,106
DA:3,106
DA:5,106
DA:6,106
DA:9,451
DA:10,451
DA:11,451
DA:12,451
DA:13,451
DA:14,451
DA:15,451
DA:16,451
DA:17,451
DA:25,451
DA:26,451
DA:29,106
LF:16
LH:16
BRDA:2,0,0,106
BRDA:2,0,1,106
BRDA:2,0,2,106
BRDA:3,1,0,0
BRDA:3,1,1,106
BRDA:3,2,0,106
BRDA:3,2,1,106
BRDA:11,3,0,451
BRDA:11,3,1,451
BRDA:12,4,0,0
BRDA:12,4,1,0
BRDA:13,5,0,0
BRDA:13,5,1,0
BRDA:14,6,0,0
BRDA:14,6,1,0
BRDA:15,7,0,0
BRDA:15,7,1,0
BRDA:25,8,0,451
BRDA:25,8,1,25
BRDA:26,9,0,451
BRDA:26,9,1,25
BRF:21
BRH:12
end_of_record
TN:
SF:/Users/thec00n/work/research/maru/dist/src/utils/contract.js
FN:4,(anonymous_0)
FN:13,(anonymous_1)
FNF:2
FNH:1
FNDA:21,(anonymous_0)
FNDA:0,(anonymous_1)
DA:2,106
DA:5,21
DA:6,21
DA:7,155
DA:8,21
DA:11,21
DA:14,0
DA:15,0
DA:16,0
DA:19,0
DA:22,106
LF:11
LH:7
BRDA:7,0,0,21
BRDA:7,0,1,134
BRDA:15,1,0,0
BRDA:15,1,1,0
BRF:4
BRH:2
end_of_record
TN:
SF:/Users/thec00n/work/research/maru/dist/src/utils/description.js
FN:2,(anonymous_0)
FN:9,(anonymous_1)
FNF:2
FNH:2
FNDA:106,(anonymous_0)
FNDA:411,(anonymous_1)
DA:2,106
DA:3,106
DA:5,106
DA:6,106
DA:7,106
DA:10,411
DA:11,459
DA:13,411
DA:16,106
LF:9
LH:9
BRDA:2,0,0,106
BRDA:2,0,1,106
BRDA:2,0,2,106
BRDA:3,1,0,106
BRDA:3,1,1,0
BRDA:3,2,0,106
BRDA:3,2,1,106
BRF:7
BRH:6
end_of_record
TN:
SF:/Users/thec00n/work/research/maru/dist/src/utils/file.js
FN:2,(anonymous_0)
FN:10,(anonymous_1)
FN:12,(anonymous_2)
FN:24,(anonymous_3)
FN:33,(anonymous_4)
FNF:5
FNH:3
FNDA:106,(anonymous_0)
FNDA:0,(anonymous_1)
FNDA:0,(anonymous_2)
FNDA:451,(anonymous_3)
FNDA:872,(anonymous_4)
DA:2,106
DA:3,106
DA:5,106
DA:6,106
DA:7,106
DA:8,106
DA:11,0
DA:12,0
DA:13,0
DA:14,0
DA:15,0
DA:16,0
DA:18,0
DA:19,0
DA:22,0
DA:25,451
DA:26,451
DA:27,451
DA:28,451
DA:29,1161
DA:31,451
DA:34,872
DA:35,872
DA:36,872
DA:39,0
DA:40,0
DA:44,106
LF:27
LH:16
BRDA:2,0,0,106
BRDA:2,0,1,106
BRDA:2,0,2,106
BRDA:3,1,0,106
BRDA:3,1,1,0
BRDA:3,2,0,106
BRDA:3,2,1,106
BRDA:15,3,0,0
BRDA:15,3,1,0
BRDA:18,4,0,0
BRDA:18,4,1,0
BRDA:18,5,0,0
BRDA:18,5,1,0
BRDA:35,6,0,872
BRDA:35,6,1,0
BRF:15
BRH:7
end_of_record
TN:
SF:/Users/thec00n/work/research/maru/dist/src/utils/node.js
FN:2,(anonymous_0)
FN:10,(anonymous_1)
FN:13,(anonymous_2)
FN:16,(anonymous_3)
FN:24,(anonymous_4)
FN:32,(anonymous_5)
FN:40,(anonymous_6)
FNF:7
FNH:4
FNDA:106,(anonymous_0)
FNDA:0,(anonymous_1)
FNDA:0,(anonymous_2)
FNDA:8960,(anonymous_3)
FNDA:496520,(anonymous_4)
FNDA:23709,(anonymous_5)
FNDA:0,(anonymous_6)
DA:2,106
DA:3,106
DA:5,106
DA:6,106
DA:7,106
DA:8,106
DA:11,0
DA:14,0
DA:17,8960
DA:18,8960
DA:19,589
DA:22,8371
DA:25,496520
DA:26,496411
DA:27,51777
DA:30,444743
DA:33,23709
DA:34,23571
DA:35,21517
DA:38,2192
DA:41,0
DA:44,106
LF:22
LH:19
BRDA:2,0,0,106
BRDA:2,0,1,106
BRDA:2,0,2,106
BRDA:3,1,0,106
BRDA:3,1,1,0
BRDA:3,2,0,106
BRDA:3,2,1,106
BRDA:17,3,0,8960
BRDA:17,3,1,0
BRDA:17,4,0,8960
BRDA:17,4,1,8960
BRDA:18,5,0,589
BRDA:18,5,1,8371
BRDA:25,6,0,496411
BRDA:25,6,1,109
BRDA:25,7,0,496520
BRDA:25,7,1,496520
BRDA:26,8,0,51777
BRDA:26,8,1,444634
BRDA:33,9,0,23571
BRDA:33,9,1,138
BRDA:34,10,0,21517
BRDA:34,10,1,2054
BRF:23
BRH:21
end_of_record
TN:
SF:/Users/thec00n/work/research/maru/dist/src/utils/pragma.js
FN:2,(anonymous_0)
FN:9,(anonymous_1)
FN:17,(anonymous_2)
FN:25,(anonymous_3)
FN:42,(anonymous_4)
FN:45,(anonymous_5)
FNF:6
FNH:6
FNDA:212,(anonymous_0)
FNDA:598,(anonymous_1)
FNDA:96,(anonymous_2)
FNDA:96,(anonymous_3)
FNDA:198,(anonymous_4)
FNDA:81,(anonymous_5)
DA:2,106
DA:3,212
DA:5,106
DA:6,106
DA:7,106
DA:10,598
DA:11,598
DA:14,0
DA:18,96
DA:19,0
DA:22,96
DA:26,96
DA:27,0
DA:28,0
DA:29,0
DA:33,96
DA:34,96
DA:35,1810
DA:36,92
DA:40,4
DA:43,198
DA:46,81
DA:49,106
LF:23
LH:18
BRDA:2,0,0,106
BRDA:2,0,1,106
BRDA:2,0,2,106
BRDA:3,1,0,212
BRDA:3,1,1,0
BRDA:3,2,0,212
BRDA:3,2,1,212
BRDA:10,3,0,598
BRDA:10,3,1,0
BRDA:18,4,0,0
BRDA:18,4,1,96
BRDA:26,5,0,0
BRDA:26,5,1,96
BRDA:28,6,0,0
BRDA:28,6,1,0
BRDA:33,7,0,96
BRDA:33,7,1,0
BRDA:35,8,0,92
BRDA:35,8,1,1718
BRF:19
BRH:12
end_of_record
