{"/home/chief/maddevs/SWC-registry-javascript/swcregistry/jest.config.js": {"path":"/home/chief/maddevs/SWC-registry-javascript/swcregistry/jest.config.js","statementMap":{"0":{"start":{"line":1,"column":0},"end":{"line":17,"column":3}}},"fnMap":{},"branchMap":{},"s":{"0":0},"f":{},"b":{}}
,"/home/chief/maddevs/SWC-registry-javascript/swcregistry/__tests__/index.test.ts": {"path":"/home/chief/maddevs/SWC-registry-javascript/swcregistry/__tests__/index.test.ts","statementMap":{"0":{"start":{"line":5,"column":7},"end":{"line":5,"column":34}},"1":{"start":{"line":6,"column":24},"end":{"line":6,"column":28}},"2":{"start":{"line":7,"column":8},"end":{"line":7,"column":34}},"3":{"start":{"line":10,"column":7},"end":{"line":10,"column":39}},"4":{"start":{"line":11,"column":24},"end":{"line":11,"column":38}},"5":{"start":{"line":12,"column":8},"end":{"line":12,"column":50}},"6":{"start":{"line":15,"column":7},"end":{"line":15,"column":38}},"7":{"start":{"line":16,"column":24},"end":{"line":16,"column":38}},"8":{"start":{"line":17,"column":8},"end":{"line":17,"column":46}},"9":{"start":{"line":20,"column":7},"end":{"line":20,"column":34}},"10":{"start":{"line":21,"column":24},"end":{"line":21,"column":38}},"11":{"start":{"line":22,"column":8},"end":{"line":22,"column":46}}},"fnMap":{},"branchMap":{},"s":{"0":1,"1":1,"2":1,"3":1,"4":1,"5":1,"6":1,"7":1,"8":1,"9":1,"10":1,"11":1},"f":{},"b":{}}
,"/home/chief/maddevs/SWC-registry-javascript/swcregistry/lib/index.js": {"path":"/home/chief/maddevs/SWC-registry-javascript/swcregistry/lib/index.js","statementMap":{"0":{"start":{"line":3,"column":0},"end":{"line":3,"column":26}},"1":{"start":{"line":4,"column":9},"end":{"line":4,"column":22}},"2":{"start":{"line":5,"column":12},"end":{"line":5,"column":33}},"3":{"start":{"line":6,"column":11},"end":{"line":6,"column":26}},"4":{"start":{"line":7,"column":14},"end":{"line":7,"column":46}},"5":{"start":{"line":8,"column":16},"end":{"line":8,"column":57}},"6":{"start":{"line":9,"column":25},"end":{"line":46,"column":3}},"7":{"start":{"line":11,"column":8},"end":{"line":11,"column":27}},"8":{"start":{"line":12,"column":8},"end":{"line":12,"column":31}},"9":{"start":{"line":14,"column":4},"end":{"line":25,"column":6}},"10":{"start":{"line":15,"column":8},"end":{"line":15,"column":31}},"11":{"start":{"line":16,"column":8},"end":{"line":24,"column":11}},"12":{"start":{"line":17,"column":12},"end":{"line":21,"column":13}},"13":{"start":{"line":18,"column":16},"end":{"line":18,"column":35}},"14":{"start":{"line":19,"column":16},"end":{"line":19,"column":26}},"15":{"start":{"line":20,"column":16},"end":{"line":20,"column":23}},"16":{"start":{"line":22,"column":12},"end":{"line":22,"column":23}},"17":{"start":{"line":23,"column":12},"end":{"line":23,"column":19}},"18":{"start":{"line":26,"column":4},"end":{"line":32,"column":6}},"19":{"start":{"line":27,"column":20},"end":{"line":27,"column":24}},"20":{"start":{"line":28,"column":18},"end":{"line":28,"column":122}},"21":{"start":{"line":29,"column":8},"end":{"line":31,"column":130}},"22":{"start":{"line":30,"column":35},"end":{"line":30,"column":53}},"23":{"start":{"line":31,"column":35},"end":{"line":31,"column":79}},"24":{"start":{"line":31,"column":109},"end":{"line":31,"column":126}},"25":{"start":{"line":33,"column":4},"end":{"line":35,"column":6}},"26":{"start":{"line":34,"column":8},"end":{"line":34,"column":60}},"27":{"start":{"line":36,"column":4},"end":{"line":38,"column":6}},"28":{"start":{"line":37,"column":8},"end":{"line":37,"column":68}},"29":{"start":{"line":39,"column":4},"end":{"line":41,"column":6}},"30":{"start":{"line":40,"column":8},"end":{"line":40,"column":66}},"31":{"start":{"line":42,"column":4},"end":{"line":44,"column":6}},"32":{"start":{"line":43,"column":8},"end":{"line":43,"column":66}},"33":{"start":{"line":45,"column":4},"end":{"line":45,"column":15}},"34":{"start":{"line":47,"column":0},"end":{"line":47,"column":18}}},"fnMap":{"0":{"name":"(anonymous_0)","decl":{"start":{"line":9,"column":25},"end":{"line":9,"column":26}},"loc":{"start":{"line":9,"column":37},"end":{"line":46,"column":1}},"line":9},"1":{"name":"SWC","decl":{"start":{"line":10,"column":13},"end":{"line":10,"column":16}},"loc":{"start":{"line":10,"column":24},"end":{"line":13,"column":5}},"line":10},"2":{"name":"(anonymous_2)","decl":{"start":{"line":14,"column":40},"end":{"line":14,"column":41}},"loc":{"start":{"line":14,"column":65},"end":{"line":25,"column":5}},"line":14},"3":{"name":"(anonymous_3)","decl":{"start":{"line":16,"column":69},"end":{"line":16,"column":70}},"loc":{"start":{"line":16,"column":84},"end":{"line":24,"column":9}},"line":16},"4":{"name":"(anonymous_4)","decl":{"start":{"line":26,"column":27},"end":{"line":26,"column":28}},"loc":{"start":{"line":26,"column":43},"end":{"line":32,"column":5}},"line":26},"5":{"name":"(anonymous_5)","decl":{"start":{"line":30,"column":18},"end":{"line":30,"column":19}},"loc":{"start":{"line":30,"column":33},"end":{"line":30,"column":55}},"line":30},"6":{"name":"(anonymous_6)","decl":{"start":{"line":31,"column":18},"end":{"line":31,"column":19}},"loc":{"start":{"line":31,"column":33},"end":{"line":31,"column":81}},"line":31},"7":{"name":"(anonymous_7)","decl":{"start":{"line":31,"column":92},"end":{"line":31,"column":93}},"loc":{"start":{"line":31,"column":107},"end":{"line":31,"column":128}},"line":31},"8":{"name":"(anonymous_8)","decl":{"start":{"line":33,"column":26},"end":{"line":33,"column":27}},"loc":{"start":{"line":33,"column":38},"end":{"line":35,"column":5}},"line":33},"9":{"name":"(anonymous_9)","decl":{"start":{"line":36,"column":34},"end":{"line":36,"column":35}},"loc":{"start":{"line":36,"column":46},"end":{"line":38,"column":5}},"line":36},"10":{"name":"(anonymous_10)","decl":{"start":{"line":39,"column":32},"end":{"line":39,"column":33}},"loc":{"start":{"line":39,"column":44},"end":{"line":41,"column":5}},"line":39},"11":{"name":"(anonymous_11)","decl":{"start":{"line":42,"column":32},"end":{"line":42,"column":33}},"loc":{"start":{"line":42,"column":44},"end":{"line":44,"column":5}},"line":42}},"branchMap":{"0":{"loc":{"start":{"line":17,"column":12},"end":{"line":21,"column":13}},"type":"if","locations":[{"start":{"line":17,"column":12},"end":{"line":21,"column":13}},{"start":{"line":17,"column":12},"end":{"line":21,"column":13}}],"line":17}},"s":{"0":0,"1":0,"2":0,"3":0,"4":0,"5":0,"6":0,"7":0,"8":0,"9":0,"10":0,"11":0,"12":0,"13":0,"14":0,"15":0,"16":0,"17":0,"18":0,"19":0,"20":0,"21":0,"22":0,"23":0,"24":0,"25":0,"26":0,"27":0,"28":0,"29":0,"30":0,"31":0,"32":0,"33":0,"34":0},"f":{"0":0,"1":0,"2":0,"3":0,"4":0,"5":0,"6":0,"7":0,"8":0,"9":0,"10":0,"11":0},"b":{"0":[0,0]}}
,"/home/chief/maddevs/SWC-registry-javascript/swcregistry/src/index.ts": {"path":"/home/chief/maddevs/SWC-registry-javascript/swcregistry/src/index.ts","statementMap":{"0":{"start":{"line":4,"column":0},"end":{"line":4,"column":25}},"1":{"start":{"line":5,"column":0},"end":{"line":5,"column":36}},"2":{"start":{"line":6,"column":0},"end":{"line":6,"column":29}},"3":{"start":{"line":7,"column":16},"end":{"line":7,"column":48}},"4":{"start":{"line":9,"column":18},"end":{"line":9,"column":59}},"5":{"start":{"line":11,"column":0},"end":{"line":69,"column":0}},"6":{"start":{"line":31,"column":4},"end":{"line":31,"column":23}},"7":{"start":{"line":32,"column":4},"end":{"line":32,"column":27}},"8":{"start":{"line":35,"column":9},"end":{"line":46,"column":3}},"9":{"start":{"line":36,"column":4},"end":{"line":36,"column":27}},"10":{"start":{"line":37,"column":4},"end":{"line":45,"column":7}},"11":{"start":{"line":38,"column":6},"end":{"line":42,"column":7}},"12":{"start":{"line":39,"column":8},"end":{"line":39,"column":27}},"13":{"start":{"line":40,"column":8},"end":{"line":40,"column":18}},"14":{"start":{"line":41,"column":8},"end":{"line":41,"column":15}},"15":{"start":{"line":43,"column":6},"end":{"line":43,"column":17}},"16":{"start":{"line":44,"column":6},"end":{"line":44,"column":13}},"17":{"start":{"line":48,"column":9},"end":{"line":55,"column":3}},"18":{"start":{"line":48,"column":2},"end":{"line":55,"column":2}},"19":{"start":{"line":50,"column":6},"end":{"line":50,"column":110}},"20":{"start":{"line":51,"column":4},"end":{"line":54,"column":31}},"21":{"start":{"line":52,"column":19},"end":{"line":52,"column":29}},"22":{"start":{"line":53,"column":19},"end":{"line":53,"column":54}},"23":{"start":{"line":54,"column":20},"end":{"line":54,"column":29}},"24":{"start":{"line":57,"column":9},"end":{"line":59,"column":3}},"25":{"start":{"line":58,"column":4},"end":{"line":58,"column":56}},"26":{"start":{"line":60,"column":9},"end":{"line":62,"column":3}},"27":{"start":{"line":61,"column":4},"end":{"line":61,"column":64}},"28":{"start":{"line":63,"column":9},"end":{"line":65,"column":3}},"29":{"start":{"line":64,"column":4},"end":{"line":64,"column":62}},"30":{"start":{"line":66,"column":9},"end":{"line":68,"column":3}},"31":{"start":{"line":67,"column":4},"end":{"line":67,"column":62}},"32":{"start":{"line":69,"column":0},"end":{"line":69,"column":1}},"33":{"start":{"line":70,"column":9},"end":{"line":70,"column":12}}},"fnMap":{"0":{"name":"(anonymous_0)","decl":{"start":{"line":11,"column":0},"end":{"line":null,"column":-1}},"loc":{"start":{"line":11,"column":0},"end":{"line":11,"column":-1}}},"1":{"name":"SWC","decl":{"start":{"line":30,"column":2},"end":{"line":30,"column":13}},"loc":{"start":{"line":30,"column":19},"end":{"line":33,"column":3}}},"2":{"name":"(anonymous_2)","decl":{"start":{"line":35,"column":2},"end":{"line":35,"column":28}},"loc":{"start":{"line":35,"column":42},"end":{"line":46,"column":3}}},"3":{"name":"(anonymous_3)","decl":{"start":{"line":37,"column":65},"end":{"line":37,"column":64}},"loc":{"start":{"line":37,"column":68},"end":{"line":45,"column":5}}},"4":{"name":"(anonymous_4)","decl":{"start":{"line":48,"column":2},"end":{"line":48,"column":15}},"loc":{"start":{"line":48,"column":20},"end":{"line":55,"column":3}}},"5":{"name":"(anonymous_5)","decl":{"start":{"line":52,"column":12},"end":{"line":52,"column":11}},"loc":{"start":{"line":52,"column":15},"end":{"line":52,"column":29}}},"6":{"name":"(anonymous_6)","decl":{"start":{"line":53,"column":12},"end":{"line":53,"column":11}},"loc":{"start":{"line":53,"column":15},"end":{"line":53,"column":54}}},"7":{"name":"(anonymous_7)","decl":{"start":{"line":54,"column":13},"end":{"line":54,"column":12}},"loc":{"start":{"line":54,"column":16},"end":{"line":54,"column":29}}},"8":{"name":"(anonymous_8)","decl":{"start":{"line":57,"column":2},"end":{"line":null,"column":-1}},"loc":{"start":{"line":57,"column":2},"end":{"line":59,"column":3}}},"9":{"name":"(anonymous_9)","decl":{"start":{"line":60,"column":2},"end":{"line":null,"column":-1}},"loc":{"start":{"line":60,"column":2},"end":{"line":62,"column":3}}},"10":{"name":"(anonymous_10)","decl":{"start":{"line":63,"column":2},"end":{"line":null,"column":-1}},"loc":{"start":{"line":63,"column":2},"end":{"line":65,"column":3}}},"11":{"name":"(anonymous_11)","decl":{"start":{"line":66,"column":2},"end":{"line":null,"column":-1}},"loc":{"start":{"line":66,"column":2},"end":{"line":68,"column":3}}}},"branchMap":{"0":{"loc":{"start":{"line":38,"column":6},"end":{"line":42,"column":7}},"type":"if","locations":[{"start":{"line":38,"column":6},"end":{"line":42,"column":7}},{"start":{"line":38,"column":6},"end":{"line":42,"column":7}}]}},"s":{"0":1,"1":1,"2":1,"3":1,"4":1,"5":1,"6":4,"7":4,"8":1,"9":0,"10":0,"11":0,"12":0,"13":0,"14":0,"15":0,"16":0,"17":1,"18":0,"19":0,"20":0,"21":0,"22":0,"23":0,"24":1,"25":1,"26":1,"27":1,"28":1,"29":1,"30":1,"31":1,"32":1,"33":1},"f":{"0":1,"1":4,"2":0,"3":0,"4":0,"5":0,"6":0,"7":0,"8":1,"9":1,"10":1,"11":1},"b":{"0":[0,0]}}
}
