TN:
SF:/Users/erik/Documents/maddevs/SWC-registry-javascript/swcregistry/src/index.js
FN:9,(anonymous_0)
FN:10,SWC
FN:14,(anonymous_2)
FN:16,(anonymous_3)
FN:26,(anonymous_4)
FN:30,(anonymous_5)
FN:31,(anonymous_6)
FN:31,(anonymous_7)
FN:33,(anonymous_8)
FN:36,(anonymous_9)
FN:39,(anonymous_10)
FN:42,(anonymous_11)
FNF:12
FNH:6
FNDA:1,(anonymous_0)
FNDA:4,SWC
FNDA:0,(anonymous_2)
FNDA:0,(anonymous_3)
FNDA:0,(anonymous_4)
FNDA:0,(anonymous_5)
FNDA:0,(anonymous_6)
FNDA:0,(anonymous_7)
FNDA:1,(anonymous_8)
FNDA:1,(anonymous_9)
FNDA:1,(anonymous_10)
FNDA:1,(anonymous_11)
DA:3,1
DA:4,1
DA:5,1
DA:6,1
DA:7,1
DA:8,1
DA:9,1
DA:11,4
DA:12,4
DA:14,1
DA:15,0
DA:16,0
DA:17,0
DA:18,0
DA:19,0
DA:20,0
DA:22,0
DA:23,0
DA:26,1
DA:27,0
DA:28,0
DA:29,0
DA:30,0
DA:31,0
DA:33,1
DA:34,1
DA:36,1
DA:37,1
DA:39,1
DA:40,1
DA:42,1
DA:43,1
DA:45,1
DA:47,1
LF:34
LH:21
BRDA:17,0,0,0
BRDA:17,0,1,0
BRF:2
BRH:0
end_of_record
